<?xml version="1.0" encoding="UTF-8"?>
<testng-results ignored="0" total="1" passed="1" failed="0" skipped="0">
  <reporter-output>
  </reporter-output>
  <suite started-at="2024-11-28T12:50:24 IST" name="Default suite" finished-at="2024-11-28T12:50:37 IST" duration-ms="12514">
    <groups>
    </groups>
    <test started-at="2024-11-28T12:50:24 IST" name="Default test" finished-at="2024-11-28T12:50:37 IST" duration-ms="12514">
      <class name="com.crm.organizations.TC_VT_004_Test">
        <test-method is-config="true" signature="reportConfiguration()[pri:0, instance:com.crm.organizations.TC_VT_004_Test@33d512c1]" started-at="2024-11-28T12:50:24 IST" name="reportConfiguration" finished-at="2024-11-28T12:50:24 IST" duration-ms="192" status="PASS">
          <reporter-output>
          </reporter-output>
        </test-method> <!-- reportConfiguration -->
        <test-method is-config="true" signature="launchBrowser(java.lang.String)[pri:0, instance:com.crm.organizations.TC_VT_004_Test@33d512c1]" started-at="2024-11-28T12:50:24 IST" name="launchBrowser" finished-at="2024-11-28T12:50:26 IST" duration-ms="2111" status="PASS">
          <params>
            <param index="0">
              <value>
                <![CDATA[chrome]]>
              </value>
            </param>
          </params>
          <reporter-output>
          </reporter-output>
        </test-method> <!-- launchBrowser -->
        <test-method is-config="true" signature="login()[pri:0, instance:com.crm.organizations.TC_VT_004_Test@33d512c1]" started-at="2024-11-28T12:50:26 IST" name="login" finished-at="2024-11-28T12:50:28 IST" duration-ms="1766" status="PASS">
          <reporter-output>
          </reporter-output>
        </test-method> <!-- login -->
        <test-method signature="createOrganizathIndustryDropdown()[pri:0, instance:com.crm.organizations.TC_VT_004_Test@33d512c1]" started-at="2024-11-28T12:50:28 IST" name="createOrganizathIndustryDropdown" finished-at="2024-11-28T12:50:35 IST" duration-ms="7438" status="PASS">
          <reporter-output>
          </reporter-output>
        </test-method> <!-- createOrganizathIndustryDropdown -->
        <test-method is-config="true" signature="logout()[pri:0, instance:com.crm.organizations.TC_VT_004_Test@33d512c1]" started-at="2024-11-28T12:50:35 IST" name="logout" finished-at="2024-11-28T12:50:36 IST" duration-ms="980" status="PASS">
          <reporter-output>
          </reporter-output>
        </test-method> <!-- logout -->
        <test-method is-config="true" signature="closeBrowser()[pri:0, instance:com.crm.organizations.TC_VT_004_Test@33d512c1]" started-at="2024-11-28T12:50:36 IST" name="closeBrowser" finished-at="2024-11-28T12:50:37 IST" duration-ms="194" status="PASS">
          <reporter-output>
          </reporter-output>
        </test-method> <!-- closeBrowser -->
        <test-method is-config="true" signature="reportBackup()[pri:0, instance:com.crm.organizations.TC_VT_004_Test@33d512c1]" started-at="2024-11-28T12:50:37 IST" name="reportBackup" finished-at="2024-11-28T12:50:37 IST" duration-ms="321" status="PASS">
          <reporter-output>
          </reporter-output>
        </test-method> <!-- reportBackup -->
      </class> <!-- com.crm.organizations.TC_VT_004_Test -->
    </test> <!-- Default test -->
  </suite> <!-- Default suite -->
</testng-results>
